Computed_k = 6
Grid size r = 5
Target Distance d = 2.433

--- Coordinates (Pi = (x,y)) ---
P0 = (0.004, 0.119)
P1 = (1.062, 0.084)
P2 = (2.129, 0.039)
P3 = (2.952, -0.085)
P4 = (3.885, -0.125)
P5 = (-0.034, 1.138)
P6 = (1.133, 0.956)
P7 = (1.903, 0.898)
P8 = (3.136, 0.892)
P9 = (3.860, 1.102)
P10 = (0.093, 2.055)
P11 = (1.129, 2.010)
P12 = (1.934, 1.893)
P13 = (3.066, 1.939)
P14 = (3.853, 1.881)
P15 = (0.137, 2.875)
P16 = (0.917, 2.944)
P17 = (2.130, 2.997)
P18 = (3.004, 3.038)
P19 = (4.003, 2.898)
P20 = (-0.066, 4.030)
P21 = (0.918, 3.958)
P22 = (1.886, 4.020)
P23 = (3.084, 4.048)
P24 = (4.048, 3.942)

--- Assignment: Spiral ---
v0 -> P0
v1 -> P1
v2 -> P2
v3 -> P3
v4 -> P4
v5 -> P9
v6 -> P14
v7 -> P19
v8 -> P24
v9 -> P23
v10 -> P22
v11 -> P21
v12 -> P20
v13 -> P15
v14 -> P10
v15 -> P5
v16 -> P6
v17 -> P7
v18 -> P8
v19 -> P13

--- Assignment: Degree-Greedy ---
v0 -> P5
v1 -> P0
v2 -> P10
v3 -> P15
v4 -> P20
v5 -> P21
v6 -> P22
v7 -> P23
v8 -> P24
v9 -> P19
v10 -> P14
v11 -> P9
v12 -> P4
v13 -> P3
v14 -> P2
v15 -> P1
v16 -> P6
v17 -> P7
v18 -> P8
v19 -> P13

--- Assignment: Barycentric ---
v0 -> P0
v1 -> P1
v2 -> P2
v3 -> P3
v4 -> P4
v5 -> P5
v6 -> P6
v7 -> P7
v8 -> P8
v9 -> P9
v10 -> P10
v11 -> P13
v12 -> P14
v13 -> P15
v14 -> P19
v15 -> P20
v16 -> P21
v17 -> P22
v18 -> P23
v19 -> P24

--- Assignment: Distance-Refinement ---
v0 -> P13
v1 -> P9
v2 -> P5
v3 -> P14
v4 -> P10
v5 -> P19
v6 -> P3
v7 -> P21
v8 -> P1
v9 -> P6
v10 -> P22
v11 -> P8
v12 -> P7
v13 -> P23
v14 -> P2
v15 -> P15
v16 -> P0
v17 -> P20
v18 -> P4
v19 -> P24

